<?xml version="1.0" encoding="UTF-8"?>
<!-- Generated by org.testng.reporters.JUnitReportReporter -->
<testsuite hostname="LAPTOP-NCCO5UCM" failures="0" tests="1" name="testscript.RetirementCalculator" time="4.848" errors="0" timestamp="2023-09-05T16:02:04 IST" skipped="0">
  <testcase classname="testscript.RetirementCalculator" name="retirementCalculatorTest" time="4.848"/>
</testsuite> <!-- testscript.RetirementCalculator -->
