<?xml version="1.0" encoding="UTF-8"?>
<!-- Generated by org.testng.reporters.JUnitReportReporter -->
<testsuite hostname="LAPTOP-NCCO5UCM" failures="0" tests="1" name="testscript.MandatoryFieldErrorTest" time="4.990" errors="0" timestamp="2023-09-12T12:10:16 IST" skipped="0">
  <testcase classname="testscript.MandatoryFieldErrorTest" name="mandatoryFieldErrorTest" time="4.990"/>
</testsuite> <!-- testscript.MandatoryFieldErrorTest -->
