<?xml version="1.0" encoding="UTF-8"?>
<!-- Generated by org.testng.reporters.JUnitReportReporter -->
<testsuite hostname="LAPTOP-NCCO5UCM" failures="0" tests="1" name="testscript.RetirementCalculator" time="7.042" errors="0" timestamp="2023-09-12T12:10:16 IST" skipped="0">
  <testcase classname="testscript.RetirementCalculator" name="retirementCalculatorTest" time="7.042"/>
</testsuite> <!-- testscript.RetirementCalculator -->
